<?xml version="1.0" encoding="UTF-8"?>
<!-- Generated by org.testng.reporters.JUnitReportReporter -->
<testsuite skipped="0" hostname="GP-PC-6000017.local" name="com.typicode.jsonplaceholder.tests.TestSuit" tests="4" failures="0" timestamp="10 Aug 2022 11:23:02 GMT" time="14.407" errors="0">
  <testcase name="VerifyUserDataWorkingProperly" time="4.084" classname="com.typicode.jsonplaceholder.tests.TestSuit"/>
  <testcase name="VerifyUserID" time="1.137" classname="com.typicode.jsonplaceholder.tests.TestSuit"/>
  <testcase name="VerifyUsersPostsAreShowing" time="0.918" classname="com.typicode.jsonplaceholder.tests.TestSuit"/>
  <testcase name="VerifyEmailFormatIsOk" time="8.268" classname="com.typicode.jsonplaceholder.tests.TestSuit"/>
</testsuite> <!-- com.typicode.jsonplaceholder.tests.TestSuit -->
