<?xml version="1.0" encoding="UTF-8"?>
<!-- Generated by org.testng.reporters.JUnitReportReporter -->
<testsuite hostname="GP-PC-6000017.local" failures="0" tests="4" name="com.typicode.jsonplaceholder.tests.TestSuit" time="4.895" errors="0" timestamp="12 Aug 2022 05:30:50 GMT" skipped="0">
  <testcase classname="com.typicode.jsonplaceholder.tests.TestSuit" name="VerifyUserDataWorkingProperly" time="3.262"/>
  <testcase classname="com.typicode.jsonplaceholder.tests.TestSuit" name="VerifyUserID" time="0.388"/>
  <testcase classname="com.typicode.jsonplaceholder.tests.TestSuit" name="VerifyUsersPostsAreShowing" time="0.270"/>
  <testcase classname="com.typicode.jsonplaceholder.tests.TestSuit" name="VerifyEmailFormatIsOk" time="0.975"/>
</testsuite> <!-- com.typicode.jsonplaceholder.tests.TestSuit -->
